12/11/2012 12:55:17 AM Discovered "Kona Ukulele for Dummies Pack" at 56
12/11/2012 12:58:20 AM Discovered "Kona Ukulele for Dummies Pack" at 16%
12/11/2012 01:01:53 AM Discovered "Optoma Pico Travel Projector" at 100%
12/11/2012 01:19:12 AM Discovered "Samsung 3D Blu-ray Player with Apps" at 100%
12/11/2012 01:57:30 AM Discovered "Defender Covert DVR with Built-in Camera" at 100%
12/11/2012 02:25:22 AM Discovered ""AAA" Alkaline Batteries - 100 Pack" at 100%
12/11/2012 02:29:44 AM Discovered "BACtrack Keychain Breathalyzer" at 50%
12/11/2012 02:31:44 AM Discovered "Craig Alarm Clock Radio" at 100%
12/11/2012 02:36:05 AM Discovered "Sherwood 2.1CH Receiver" at 100%
12/11/2012 02:40:26 AM Discovered "Sony Tablet P w/ Dual 5.5" Touchscreens" at 90%
12/11/2012 03:09:01 AM Discovered "Speck MacBook 13" SeeThru Satin Case" at 67%
12/11/2012 03:12:22 AM Discovered "J4MS Single Bud Tangle-Free Headset" at -1%
12/11/2012 03:13:23 AM Discovered "Altec Lansing Speakers / Dock" at 100%
12/11/2012 03:19:43 AM Discovered "Abu Garcia Cardinal STX10 Reel" at 100%
12/11/2012 03:53:07 AM Discovered "Archos 10.1" 8GB Android Tablet" at 100%
12/11/2012 03:57:29 AM Discovered "Bazooka 8" Compression Horn Tubbies" at 100%
12/11/2012 04:06:10 AM Discovered "HP 23" 1080p 3D LED Display" at 100%
12/11/2012 04:10:31 AM Discovered "Mad Catz Primer Wireless Stereo Headset" at 100%
12/11/2012 04:16:20 AM Discovered "Screaming Monkey with Woot Cape" at 100%
12/11/2012 04:20:42 AM Discovered "Razer Naga 17-Button Gaming Mouse" at 100%
12/11/2012 04:29:31 AM Discovered "Kodak HERO 5.1 AIO Wi-Fi Printer" at 100%
12/11/2012 04:57:24 AM Discovered "Slingbox SlingLink TURBO 1-Port" at 100%
12/11/2012 06:26:03 AM Discovered "Optoma Pico Pocket Projector" at 100%
12/11/2012 06:37:29 AM Discovered "Powerline Ethernet Network Adapter Kit" at 100%
12/11/2012 07:01:58 AM Discovered "BUILT NY Slim Camera Case" at 100%
12/11/2012 07:35:50 AM Discovered "Chevy Corvette Wireless Optical Mouse" at 100%
12/11/2012 07:35:51 AM Discovered "BUILT NY Slim Camera Case" at -1%
12/11/2012 07:35:53 AM Discovered "Chevy Corvette Wireless Optical Mouse" at 100%
12/11/2012 07:56:43 AM Discovered "TWC Temperature Station with Probe" at 100%
12/11/2012 08:06:34 AM Discovered "Philips Indoor Digital TV Antenna" at 100%
12/11/2012 08:36:57 AM Discovered "Raticator Max Rodent Trap" at 100%
12/11/2012 08:41:19 AM Discovered "Dell XPS 17 Core i5 17.3" LED Laptop" at 100%
12/11/2012 09:36:37 AM Discovered "Swann FreeStyle 1080p Action Cam" at 100%
12/11/2012 09:36:39 AM Discovered "Dell XPS 17 Core i5 17.3" LED Laptop" at -1%
12/11/2012 09:36:40 AM Discovered "Swann FreeStyle 1080p Action Cam" at 100%
12/11/2012 10:31:19 AM Discovered "Marley Earphones Mic & 3-Button Control" at 100%
12/11/2012 11:02:41 AM Discovered "Dyson DC25 All-Floors Ball Vacuum" at 30%
12/11/2012 11:03:10 AM Discovered "Marley Earphones Mic & 3-Button Control" at 48%
12/11/2012 11:21:30 AM Discovered "SIGG Bottle Top (Random Colors)" at 100%
12/11/2012 11:25:52 AM Discovered "Vivitek 2600 Lumen XGA DLP Projector" at 100%
12/11/2012 11:30:13 AM Discovered "Sony Speaker System with Apple Dock" at 100%
12/11/2012 01:36:46 PM Discovered "Ooma Telo VoIP Home Phone System" at 87%
12/11/2012 02:00:15 PM Discovered "Electric Guitar for Dummies Pack" at 100%
12/11/2012 02:19:34 PM Discovered "DinoZ 11" Illuminated Globe" at 100%
12/11/2012 02:33:37 PM Discovered "uNu Enerpak Vault 11000mAh Battery Pack" at 100%
12/11/2012 02:55:08 PM Discovered "Covert Alarm Clock DVR w/ Camera" at 100%
12/11/2012 03:04:03 PM Discovered "AOC 23 1080p LED Monitor" at 100%
12/11/2012 03:22:28 PM Discovered "TWC Wireless Rain Center" at 100%
12/11/2012 03:43:03 PM Discovered "Motorola Bluetooth Headphones" at 100%
12/11/2012 03:43:38 PM Discovered "Motorola Bluetooth Headphones" at 100%
12/11/2012 04:18:11 PM Discovered "Bazooka 8" 50W Complete Bass Kit" at 100%
12/11/2012 04:35:57 PM Discovered "Defender 8CH DVR Security System w/500GB" at 100%
12/11/2012 04:35:59 PM Discovered "Bazooka 8" 50W Complete Bass Kit" at -1%
12/11/2012 04:36:01 PM Discovered "Defender 8CH DVR Security System w/500GB" at 100%
12/12/2012 01:29:26 AM Discovered "Craig Bluetooth Tower Speaker" at 34%
12/12/2012 11:50:48 AM Discovered "Affinity Bluetooth Audio Soundbox" at 100%
12/12/2012 12:20:06 PM Discovered "AOC 22 1080p LED Monitor" at 100%
12/12/2012 01:17:30 PM Discovered "First Alert 8CH/8Cam DVR Security System" at 100%
12/12/2012 01:45:19 PM Discovered "BUILT Ultra Compact Hoodie Camera Case" at 100%
12/12/2012 02:04:34 PM Discovered "Christmas Colors 1000-Piece Puzzle" at 100%
12/12/2012 02:24:46 PM Discovered "Christmas Colors 1000-Piece Puzzle" at -1%
12/12/2012 02:25:01 PM Discovered "30-pin Mini Keychain Sync/USB Data Cable" at 100%
12/27/2012 03:30:16 PM Discovered "Ideal Decorate a Dream House" at 24%
12/27/2012 03:34:11 PM Discovered "Gordini Gasp by Ben Tour, Gold Lite" at 100%
12/27/2012 03:47:32 PM Discovered "High Peak Sirius Sleeping Bag 2-Pack" at 100%
12/27/2012 03:54:23 PM Discovered "My First Smurfy Trike" at 100%
12/27/2012 04:13:42 PM Discovered "Razor Ultra Pro Kick Scooter" at 100%
12/27/2012 04:42:13 PM Discovered "Standing Golf Bag" at 100%
12/27/2012 05:10:53 PM Discovered "Sony Tablet P w/ Dual 5.5" Touchscreens" at 100%
12/27/2012 05:44:34 PM Discovered "Nike Crush Golf Ball 12-pk" at 100%
12/27/2012 06:11:39 PM Discovered "TDK Boombox" at 100%
12/27/2012 06:34:55 PM Discovered "Rachael Ray 13 PC Porcelain II Cookware" at 100%
12/27/2012 06:39:23 PM Discovered "LG 47" 1080p LED HDTV" at 100%
12/27/2012 07:04:20 PM Discovered "The Firm: Yoga Mat - Magenta" at 100%
12/27/2012 07:19:54 PM Discovered "Men's Leather/Fleece Gloves-Black/Brown" at 100%
12/27/2012 08:47:15 PM Discovered "Wireless Readybright Kit - Whole House" at 35%
12/27/2012 08:55:17 PM Discovered "CRKT Pazoda Folding Knife" at 100%
02/19/2013 10:33:34 AM Discovered "Samsung Galaxy Tab 2 7.0" at 98%
02/19/2013 11:45:43 AM Discovered "Clickfree C2 1TB Ext USB 3.0 Hard Drive" at 100%
02/19/2013 03:18:00 PM Discovered "AOC 22 1080p LED Monitor" at 91%
02/19/2013 03:18:24 PM Discovered "AOC 22 1080p LED Monitor" at 90%
02/19/2013 03:19:12 PM Discovered "AOC 22 1080p LED Monitor" at 87%
02/19/2013 03:19:51 PM Discovered "AOC 22 1080p LED Monitor" at 87%
02/19/2013 03:21:13 PM Discovered "AOC 22 1080p LED Monitor" at 85%
02/19/2013 03:21:27 PM Discovered "Oggi 4 Bottle Liquor Dispenser" at 93%
02/19/2013 03:21:28 PM Discovered "AOC 22 1080p LED Monitor" at 84%
02/19/2013 03:21:52 PM Discovered "Rawling NCAA 8" Softee Football, 5 Teams" at 49%
02/19/2013 03:21:53 PM Discovered "Oggi 4 Bottle Liquor Dispenser" at 93%
02/19/2013 03:21:54 PM Discovered "AOC 22 1080p LED Monitor" at 82%
02/19/2013 03:24:36 PM Discovered "Razor Ultra Pro Kick Scooter" at 100%
02/19/2013 03:48:58 PM Discovered "T3 Mane Tamer Flat Iron" at 100%
02/19/2013 03:56:04 PM Discovered "ghd Polishing Serum 1.7oz" at 100%
02/19/2013 03:57:59 PM Discovered "Black & Decker 4 Watt LED Flashlight" at 100%
02/19/2013 03:58:05 PM Discovered "Monster Just Hook it Up 5ft HDMI Cable" at 100%
02/19/2013 04:02:44 PM Discovered "Monster Just Hook it Up 5ft HDMI Cable" at 98%
02/19/2013 04:04:56 PM Discovered "Monster Just Hook it Up 5ft HDMI Cable" at 96%
02/19/2013 04:05:56 PM Discovered "Monster Just Hook it Up 5ft HDMI Cable" at 96%
02/19/2013 04:07:00 PM Discovered "Monster Just Hook it Up 5ft HDMI Cable" at 95%
02/19/2013 04:07:14 PM Discovered "Black & Decker 4 Watt LED Flashlight" at 26%
02/19/2013 04:07:15 PM Discovered "ghd Polishing Serum 1.7oz" at 59%
02/19/2013 04:07:16 PM Discovered "Monster Just Hook it Up 5ft HDMI Cable" at 95%
02/19/2013 04:11:23 PM Discovered "Daphney's Calico Cat 2 Fore 1 Golf Cover" at 100%
02/19/2013 04:22:39 PM Discovered "Pecan Pie in a Jar" at 100%
02/19/2013 04:29:39 PM Discovered "Cake Pop Maker" at 100%
02/19/2013 04:32:04 PM Discovered "Cold Steel Voyager Vaquero Folding Knife" at 100%
02/19/2013 04:36:04 PM Discovered "Daphney's Calico Cat 2 Fore 1 Golf Cover" at 32%
02/19/2013 04:36:05 PM Discovered "Cake Pop Maker" at 71%
02/19/2013 04:36:06 PM Discovered "Cold Steel Voyager Vaquero Folding Knife" at 100%
02/19/2013 04:44:18 PM Discovered "Gordini Men's Leather/Fleece Gloves" at 100%
02/19/2013 04:44:31 PM Discovered "Anolon Ultra Clad 5.5 Qt Casserole" at 100%
02/19/2013 04:45:09 PM Discovered "Onkyo 7.1CH 3D Ready Home Theater System" at 100%
02/19/2013 04:48:10 PM Discovered "eneloop 8pk AA with 4-Position Charger" at 100%
02/19/2013 04:52:59 PM Discovered "Luigi Bormioli Chip'n Dip" at 100%
03/20/2013 10:14:08 AM Discovered "Breville Compact Smart Oven" at 64%
03/20/2013 10:14:10 AM Discovered "Panasonic 14.1MP Digital Camera w20x Opt" at 49%
03/20/2013 10:39:00 AM Discovered "Ginsu 10pc Sofuto Knife Set-Lotus" at 100%
03/20/2013 10:41:01 AM Discovered "Dyson DC25 Upright Ball Vacuum" at 100%
03/20/2013 11:04:53 AM Discovered "Camera Neck Strap" at 100%
03/20/2013 11:15:22 AM Discovered "Klipsch Image E1 In-Ear Headphones" at 100%
03/20/2013 11:16:56 AM Discovered "Chocolate-Opoly Board Game" at 100%
03/20/2013 11:24:11 AM Discovered "The Finest 3 Piece Towel Set-3 Colors" at 100%
03/20/2013 11:38:46 AM Discovered "Mrs. Fields Half-N-Half Cupcake Pan" at 100%
03/20/2013 11:53:44 AM Discovered "Acer ICONIA Tab 7" 8GB Tablet" at 100%
03/20/2013 12:13:08 PM Discovered "Sony VAIO 14" Core i3 Ultrabook" at 100%
03/20/2013 12:38:22 PM Discovered "Dale Tiffany Spencer Table Lamp" at 100%
03/20/2013 12:40:12 PM Discovered "Westinghouse 22" 1080p LED HDTV" at 100%
03/20/2013 12:58:18 PM Discovered "Chatsworth Garnet 17x17 Pillow" at 100%
03/20/2013 01:14:59 PM Discovered "KitchenAid 2 Qt Staining Sauce Pan Black" at 100%
03/20/2013 01:27:32 PM Discovered "Reston Lloyd Utensil Holder - Black" at 100%
03/20/2013 01:30:08 PM Discovered "VIZIO Bluetooth Headphones" at 100%
03/20/2013 01:38:17 PM Discovered "Mikasa Bravo Pasta Scoop" at 100%
03/20/2013 01:40:53 PM Discovered "Oreck RAIR16 Dualmax Air Purifier" at 100%
03/20/2013 02:17:33 PM Discovered "Photo Frame Case for iPhone 4/4S" at 100%
03/20/2013 02:19:17 PM Discovered "Louvered Bench Panel" at 100%
03/20/2013 02:39:07 PM Discovered "15" x 8" x 7" Bin - Twelve Pack" at 100%
03/20/2013 02:43:21 PM Discovered "Neato XV-21 Pet & Allergy Robotic Vac" at 100%
03/20/2013 02:46:38 PM Discovered "Dyson DC25 All-Floors Ball Vacuum" at 100%
03/20/2013 02:51:08 PM Discovered "KitchenAid Twin Pack 9 & 11.5" Skillet " at 100%
03/20/2013 02:59:11 PM Discovered "Kelty PVC-Free Portable Airbed with Pump" at 100%
03/20/2013 03:01:19 PM Discovered "Kelty PVC-Free Portable Airbed with Pump" at 100%
03/20/2013 03:01:24 PM Discovered "Neato XV-21 Pet & Allergy Robotic Vac" at 68%
03/20/2013 03:04:18 PM Discovered "Kelty PVC-Free Portable Airbed with Pump" at 100%
03/20/2013 03:04:19 PM Discovered "Neato XV-21 Pet & Allergy Robotic Vac" at 34%
03/20/2013 03:12:32 PM Discovered "Kelty PVC-Free Portable Airbed with Pump" at 89%
03/20/2013 03:12:33 PM Discovered "HP Quad-Core Desktop w/ 2TB HD" at 100%
03/20/2013 03:40:21 PM Discovered "Ginsu 4-Piece Steak Knife Set - Wasabi" at 100%
03/20/2013 03:59:47 PM Discovered "reVOLT Hybrid All-in-One Charger" at 100%
03/20/2013 04:12:25 PM Discovered "Microcotton 6-Piece Towel Set - Cameo" at 100%
03/20/2013 04:23:39 PM Discovered "Panasonic 6.0 3-Handset Phone" at 100%
03/20/2013 04:31:37 PM Discovered "JLab J6M High-Performance Earbuds w/Mic" at 100%
03/20/2013 04:31:59 PM Discovered "iRobot Roomba 530 Robotic Vacuum" at 100%
03/20/2013 04:37:35 PM Discovered "Rachael Ray Holiday Hoot-16-pc Set" at 100%
03/20/2013 04:47:47 PM Discovered "Onkyo 5.1CH 3D-Ready Home Theater System" at 100%
03/20/2013 04:50:25 PM Discovered "George Foreman In/Outdoor Grill-Black" at 100%
03/20/2013 04:52:27 PM Discovered "Dale Tiffany 17x17 Lily Table Lamp" at 100%
03/20/2013 05:00:06 PM Discovered "Pyrex Easy Grab 19-Piece Bake Set" at 100%
03/20/2013 05:06:35 PM Discovered "Optoma LED Game/Home Theater Projector" at 100%
03/20/2013 05:21:38 PM Discovered "BUILT NY Hoodie Game Case" at 100%
03/20/2013 05:34:44 PM Discovered "IRIS Bluetooth Scanner" at 100%
04/24/2013 10:22:54 AM Discovered "Huffy Junior or Full Size Basketball" at 99%
04/24/2013 10:22:55 AM Discovered "AromaButter Trio - Milk" at -1%
04/24/2013 10:22:55 AM Discovered "Kindle Fire 7" 8GB Tablet" at 64%
04/24/2013 10:23:49 AM Discovered "Dyson DC26 - Blue" at 100%
04/24/2013 10:58:55 AM Discovered "Universal Essentials Kit for 7" Tablets" at 100%
04/24/2013 11:03:07 AM Discovered "Wenger Standard Issue Ladies Watch" at 100%
04/24/2013 11:12:53 AM Discovered "iHome Rechargeable Kindle Fire Speaker" at 100%
04/24/2013 11:15:13 AM Discovered "CenterPoint Mountable Video Action Cam" at 100%
04/24/2013 11:28:54 AM Discovered "VIZIO 39" 1080p LED HDTV" at 100%
04/24/2013 11:32:20 AM Discovered "Wireless LED Path Lights, 2-Pack" at 100%
04/24/2013 11:45:07 AM Discovered "Ginsu 10pc Sofuto Knife Set-Wasabi" at 100%
04/24/2013 11:55:40 AM Discovered "Dyson DC25 Upright Ball Vacuum" at 100%
04/24/2013 12:15:30 PM Discovered "Yakima Rhode Gear 3 Bike Rack" at 100%
04/24/2013 12:23:06 PM Discovered "3M LED Mobile Pocket Projector" at 100%
04/24/2013 12:48:35 PM Discovered "4-Outlet 1080 Joules Surge Protector" at 100%
04/24/2013 01:07:20 PM Discovered "Apple 16GB iPod nano (7th Gen)" at 100%
04/24/2013 01:26:48 PM Discovered "Core Bamboo Prep Station with Bowls" at 100%
04/24/2013 01:29:10 PM Discovered "Infusion Dual Action Micro Pump Ball" at 100%
04/24/2013 01:34:37 PM Discovered "Zing Anything Aqua Zinger Pink" at 100%
04/24/2013 01:41:38 PM Discovered "Graber 1030 Mag Indoor Bicycle Trainer" at 100%
04/24/2013 01:52:16 PM Discovered "Mikasa Bravo 6-Piece Serving Set" at 100%
04/24/2013 02:06:19 PM Discovered "Neato XV-21 Pet & Allergy Robotic Vac" at 100%
04/24/2013 02:15:02 PM Discovered "FuelBelt Slim Pocket Race Number - Surf" at 100%
04/24/2013 02:20:11 PM Discovered "Krups Pump Espresso" at 100%
04/24/2013 02:27:59 PM Discovered "Turtle Beach 7.1 Ear Force Delta Headset" at 100%
04/24/2013 02:33:11 PM Discovered "Takara Blacktop 24" Fixie Bike, 2 Colors" at 100%
04/24/2013 02:37:03 PM Discovered "Dyson DC39 Ball Canister Vacuum" at 100%
04/24/2013 02:39:35 PM Discovered "Clarity 900MHz Amplified Cordless Phone" at 100%
04/24/2013 02:50:12 PM Discovered "Asus 15.6" Dual-Core i3 Laptop" at 100%
04/24/2013 03:15:03 PM Discovered "Pet Treat Launcher" at 100%
04/24/2013 03:31:00 PM Discovered "Hydroslide Inflatable Double Snow Tube" at 100%
04/24/2013 03:36:11 PM Discovered "Nowitzki Under Glass Away Jersey Ball" at 100%
04/24/2013 03:44:27 PM Discovered "Aeron Chair by Herman Miller w/ Lumbar Pad" at 100%
04/24/2013 03:44:41 PM Discovered "Snowball USB Microphone - White" at 100%
04/24/2013 03:49:47 PM Discovered "Earphones with Mic & 3-Button Control" at 100%
04/24/2013 03:53:51 PM Discovered "Targus 10.2 Slipskin Netbook Sleeve" at 100%
04/24/2013 04:22:24 PM Discovered "SkyCaddie SG3.5 Golf GPS" at 100%
04/24/2013 04:37:38 PM Discovered "FuelBelt Aero FuelBox - Hibiscus Pink" at 100%
04/24/2013 04:39:26 PM Discovered "Dream Spa 30-Setting Slide Bar Shower" at 100%
04/24/2013 05:00:19 PM Discovered "Shirt.Woot Detour! Shirts 20% Off!" at -1%
04/24/2013 05:00:51 PM Discovered "AOC 23" 1080p IPS LED Monitor w/ 2 HDMI" at 100%
05/21/2013 09:59:35 AM Discovered "Dyson DC35 Handheld Vacuum-Red" at 27%
05/21/2013 09:59:37 AM Discovered "VIZIO 32" 720p LED Smart TV" at 25%
05/21/2013 10:14:17 AM Discovered "Cooper Cooler Rapid Beverage Chiller" at 100%
05/21/2013 10:15:06 AM Discovered "Philips 3D Blu-ray Player with Wi-Fi" at 100%
05/21/2013 10:34:47 AM Discovered "Dream Spa Razor 10" Oval Rainfall Showerhead" at 100%
05/21/2013 10:55:03 AM Discovered "Cuisinart 10pc Non-Stick Cookware Set" at 100%
05/21/2013 11:20:59 AM Discovered "Samsung Galaxy Tab 2 7.0" at 100%
05/21/2013 12:26:21 PM Discovered "Regenerated Cotton 6 Piece Set-4 Colors" at 100%
05/21/2013 12:40:29 PM Discovered "HP Quad-Core Desktop w/ 2TB HD" at 100%
05/21/2013 12:46:55 PM Discovered "Dyson DC14 All Floors Vacuum - Yellow" at 100%
05/21/2013 01:23:18 PM Discovered "Genie 1/2 HPc Chain Garage Door Opener" at 100%
05/21/2013 01:49:08 PM Discovered "4GB USB Flash Drive - Sonic" at 100%
05/21/2013 02:05:53 PM Discovered "Italian Molded Memory Foam Pillow" at 100%
05/21/2013 02:21:26 PM Discovered "Pet Treat Launcher" at 100%
05/21/2013 02:36:25 PM Discovered "Emile Henry Rectangular Baking Stones - 2 Colors" at 100%
05/21/2013 02:57:29 PM Discovered "Shun Classic 3-Piece Set" at 100%
05/21/2013 02:58:55 PM Discovered "Shirt.Woot Detour! Shirts 20% Off!" at -1%
05/21/2013 02:59:04 PM Discovered "MOBI Rechargeable Pocket Speaker" at 100%
05/21/2013 03:14:08 PM Discovered "3M LED Mobile Projector w/ Wi-Fi" at 100%
05/21/2013 03:33:07 PM Discovered "Pandigital 12" Digital Picture Frame" at 100%
05/21/2013 03:41:01 PM Discovered "4-Outlet 1080 Joules Surge Protector" at 100%
05/21/2013 03:58:54 PM Discovered "iGo HDMI Two Pack - 6ft & 10ft" at 100%
05/21/2013 04:01:33 PM Discovered "Dyson 20583-03 DC25 Purple - Refurbished" at 100%
05/21/2013 04:05:31 PM Discovered "Creative Bluetooth In-Ear Headphones" at 100%
05/21/2013 04:09:23 PM Discovered "Wallace Flatware 45pc Set" at 100%
05/21/2013 04:19:28 PM Discovered "G-Form Extreme Sleeve for 10" Tablets" at 100%
05/21/2013 04:31:14 PM Discovered "Panasonic 4-Handset w/Link-to-Cell" at 100%
05/21/2013 04:33:53 PM Discovered "Cuisinart 7 Qt. Stand Mixer - White" at 100%
05/21/2013 04:54:01 PM Discovered "Asus Transformer Pad 10.1" 16GB Tablet" at 100%
05/21/2013 05:07:57 PM Discovered "Acaciaware 5-Section Flower Tray" at 100%
05/21/2013 05:27:28 PM Discovered "Rug Doctor 95474 Mighty Pro with Bottle of Oxy Steam" at 100%
05/21/2013 05:53:31 PM Discovered "Dremel Trio Tool Kit" at 100%
05/21/2013 06:18:49 PM Discovered "Razer Anansi MMO Gaming Keyboard" at 100%
05/21/2013 06:20:56 PM Discovered "Takeya 66oz Drink Pitcher - Raspberry" at 100%
